This is pdfTeX, Version 3.14159265-2.6-1.40.20 (TeX Live 2019/Debian) (preloaded format=pdflatex 2021.1.19)  5 APR 2021 08:17
entering extended mode
 restricted \write18 enabled.
 %&-line parsing enabled.
**update-team.tex
(./update-team.tex
LaTeX2e <2020-02-02> patch level 2
L3 programming layer <2020-02-14>
(/usr/share/texlive/texmf-dist/tex/latex/base/article.cls
Document Class: article 2019/12/20 v1.4l Standard LaTeX document class
(/usr/share/texlive/texmf-dist/tex/latex/base/size10.clo
File: size10.clo 2019/12/20 v1.4l Standard LaTeX file (size option)
)
\c@part=\count167
\c@section=\count168
\c@subsection=\count169
\c@subsubsection=\count170
\c@paragraph=\count171
\c@subparagraph=\count172
\c@figure=\count173
\c@table=\count174
\abovecaptionskip=\skip47
\belowcaptionskip=\skip48
\bibindent=\dimen134
)
(/usr/share/texlive/texmf-dist/tex/latex/graphics/graphicx.sty
Package: graphicx 2019/11/30 v1.2a Enhanced LaTeX Graphics (DPC,SPQR)

(/usr/share/texlive/texmf-dist/tex/latex/graphics/keyval.sty
Package: keyval 2014/10/28 v1.15 key=value parser (DPC)
\KV@toks@=\toks14
)
(/usr/share/texlive/texmf-dist/tex/latex/graphics/graphics.sty
Package: graphics 2019/11/30 v1.4a Standard LaTeX Graphics (DPC,SPQR)

(/usr/share/texlive/texmf-dist/tex/latex/graphics/trig.sty
Package: trig 2016/01/03 v1.10 sin cos tan (DPC)
)
(/usr/share/texlive/texmf-dist/tex/latex/graphics-cfg/graphics.cfg
File: graphics.cfg 2016/06/04 v1.11 sample graphics configuration
)
Package graphics Info: Driver file: pdftex.def on input line 105.

(/usr/share/texlive/texmf-dist/tex/latex/graphics-def/pdftex.def
File: pdftex.def 2018/01/08 v1.0l Graphics/color driver for pdftex
))
\Gin@req@height=\dimen135
\Gin@req@width=\dimen136
)
(/usr/share/texlive/texmf-dist/tex/latex/graphics/color.sty
Package: color 2019/11/23 v1.2a Standard LaTeX Color (DPC)

(/usr/share/texlive/texmf-dist/tex/latex/graphics-cfg/color.cfg
File: color.cfg 2016/01/02 v1.6 sample color configuration
)
Package color Info: Driver file: pdftex.def on input line 147.
)
(/usr/share/texlive/texmf-dist/tex/latex/framed/framed.sty
Package: framed 2011/10/22 v 0.96: framed or shaded text with page breaks
\OuterFrameSep=\skip49
\fb@frw=\dimen137
\fb@frh=\dimen138
\FrameRule=\dimen139
\FrameSep=\dimen140
)
(/usr/share/texlive/texmf-dist/tex/latex/base/alltt.sty
Package: alltt 1997/06/16 v2.0g defines alltt environment
)
(/usr/share/texlive/texmf-dist/tex/latex/upquote/upquote.sty
Package: upquote 2012/04/19 v1.3 upright-quote and grave-accent glyphs in verba
tim
)
(/usr/share/texlive/texmf-dist/tex/latex/l3backend/l3backend-pdfmode.def
File: l3backend-pdfmode.def 2020-02-03 L3 backend support: PDF mode
\l__kernel_color_stack_int=\count175
\l__pdf_internal_box=\box45
)
(./update-team.aux)
\openout1 = `update-team.aux'.

LaTeX Font Info:    Checking defaults for OML/cmm/m/it on input line 53.
LaTeX Font Info:    ... okay on input line 53.
LaTeX Font Info:    Checking defaults for OMS/cmsy/m/n on input line 53.
LaTeX Font Info:    ... okay on input line 53.
LaTeX Font Info:    Checking defaults for OT1/cmr/m/n on input line 53.
LaTeX Font Info:    ... okay on input line 53.
LaTeX Font Info:    Checking defaults for T1/cmr/m/n on input line 53.
LaTeX Font Info:    ... okay on input line 53.
LaTeX Font Info:    Checking defaults for TS1/cmr/m/n on input line 53.
LaTeX Font Info:    ... okay on input line 53.
LaTeX Font Info:    Checking defaults for OMX/cmex/m/n on input line 53.
LaTeX Font Info:    ... okay on input line 53.
LaTeX Font Info:    Checking defaults for U/cmr/m/n on input line 53.
LaTeX Font Info:    ... okay on input line 53.

(/usr/share/texlive/texmf-dist/tex/context/base/mkii/supp-pdf.mkii
[Loading MPS to PDF converter (version 2006.09.02).]
\scratchcounter=\count176
\scratchdimen=\dimen141
\scratchbox=\box46
\nofMPsegments=\count177
\nofMParguments=\count178
\everyMPshowfont=\toks15
\MPscratchCnt=\count179
\MPscratchDim=\dimen142
\MPnumerator=\count180
\makeMPintoPDFobject=\count181
\everyMPtoPDFconversion=\toks16
) (/usr/share/texlive/texmf-dist/tex/latex/epstopdf-pkg/epstopdf-base.sty
Package: epstopdf-base 2020-01-24 v2.11 Base part for package epstopdf
Package epstopdf-base Info: Redefining graphics rule for `.eps' on input line 4
85.

(/usr/share/texlive/texmf-dist/tex/latex/latexconfig/epstopdf-sys.cfg
File: epstopdf-sys.cfg 2010/07/13 v1.3 Configuration of (r)epstopdf for TeX Liv
e
))
Package color Info: Redefining color shadecolor on input line 56.
LaTeX Font Info:    Font shape `OT1/cmtt/bx/n' in size <10> not available
(Font)              Font shape `OT1/cmtt/m/n' tried instead on input line 58.

Overfull \hbox (43.49661pt too wide) in paragraph at lines 62--63
[]\OT1/cmtt/m/it/10 ## -- Attaching packages ----------------------------------
----- tidyverse
 []


Overfull \hbox (73.52634pt too wide) in paragraph at lines 66--66
[]\OT1/cmtt/m/it/10 ## -- Conflicts ------------------------------------------ 
tidyverse[]conflicts()
 []

Package color Info: Redefining color shadecolor on input line 79.
LaTeX Font Info:    Trying to load font information for OMS+cmtt on input line 
81.
(/usr/share/R/share/texmf/tex/latex/omscmtt.fd
File: omscmtt.fd 
)
LaTeX Font Info:    Font shape `OMS/cmtt/m/n' in size <10> not available
(Font)              Font shape `OMS/cmsy/m/n' tried instead on input line 81.
Package color Info: Redefining color shadecolor on input line 95.
 [1

{/var/lib/texmf/fonts/map/pdftex/updmap/pdftex.map}]
<figure/networks-1.pdf, id=11, 505.89pt x 505.89pt>
File: figure/networks-1.pdf Graphic file (type pdf)
<use figure/networks-1.pdf>
Package pdftex.def Info: figure/networks-1.pdf  used on input line 114.
(pdftex.def)             Requested size: 345.0pt x 345.00414pt.

Overfull \hbox (15.0pt too wide) in paragraph at lines 114--115
[][] 
 []

<figure/networks-2.pdf, id=12, 505.89pt x 505.89pt>
File: figure/networks-2.pdf Graphic file (type pdf)
<use figure/networks-2.pdf>
Package pdftex.def Info: figure/networks-2.pdf  used on input line 120.
(pdftex.def)             Requested size: 345.0pt x 345.00414pt.

Overfull \hbox (15.0pt too wide) in paragraph at lines 120--121
[][] 
 []

[2 <./figure/networks-1.pdf>]
<figure/networks-3.pdf, id=22, 505.89pt x 505.89pt>
File: figure/networks-3.pdf Graphic file (type pdf)
<use figure/networks-3.pdf>
Package pdftex.def Info: figure/networks-3.pdf  used on input line 126.
(pdftex.def)             Requested size: 345.0pt x 345.00414pt.

Overfull \hbox (15.0pt too wide) in paragraph at lines 126--127
[][] 
 []

[3 <./figure/networks-2.pdf>]
<figure/networks-4.pdf, id=32, 505.89pt x 505.89pt>
File: figure/networks-4.pdf Graphic file (type pdf)
<use figure/networks-4.pdf>
Package pdftex.def Info: figure/networks-4.pdf  used on input line 132.
(pdftex.def)             Requested size: 345.0pt x 345.00414pt.

Overfull \hbox (15.0pt too wide) in paragraph at lines 132--133
[][] 
 []

[4 <./figure/networks-3.pdf>]
<figure/networks-5.pdf, id=42, 505.89pt x 505.89pt>
File: figure/networks-5.pdf Graphic file (type pdf)
<use figure/networks-5.pdf>
Package pdftex.def Info: figure/networks-5.pdf  used on input line 138.
(pdftex.def)             Requested size: 345.0pt x 345.00414pt.

Overfull \hbox (15.0pt too wide) in paragraph at lines 138--139
[][] 
 []

[5 <./figure/networks-4.pdf>]
<figure/networks-6.pdf, id=52, 505.89pt x 505.89pt>
File: figure/networks-6.pdf Graphic file (type pdf)
<use figure/networks-6.pdf>
Package pdftex.def Info: figure/networks-6.pdf  used on input line 144.
(pdftex.def)             Requested size: 345.0pt x 345.00414pt.

Overfull \hbox (15.0pt too wide) in paragraph at lines 144--145
[][] 
 []

[6 <./figure/networks-5.pdf>]
<figure/networks-7.pdf, id=62, 505.89pt x 505.89pt>
File: figure/networks-7.pdf Graphic file (type pdf)
<use figure/networks-7.pdf>
Package pdftex.def Info: figure/networks-7.pdf  used on input line 150.
(pdftex.def)             Requested size: 345.0pt x 345.00414pt.

Overfull \hbox (15.0pt too wide) in paragraph at lines 150--151
[][] 
 []

[7 <./figure/networks-6.pdf>]
<figure/networks-8.pdf, id=73, 505.89pt x 505.89pt>
File: figure/networks-8.pdf Graphic file (type pdf)
<use figure/networks-8.pdf>
Package pdftex.def Info: figure/networks-8.pdf  used on input line 156.
(pdftex.def)             Requested size: 345.0pt x 345.00414pt.

Overfull \hbox (15.0pt too wide) in paragraph at lines 156--157
[][] 
 []

[8 <./figure/networks-7.pdf>] [9 <./figure/networks-8.pdf>] (./update-team.aux)
 ) 
Here is how much of TeX's memory you used:
 1359 strings out of 481239
 20664 string characters out of 5920377
 254529 words of memory out of 5000000
 16643 multiletter control sequences out of 15000+600000
 533279 words of font info for 28 fonts, out of 8000000 for 9000
 1141 hyphenation exceptions out of 8191
 30i,5n,25p,280b,294s stack positions out of 5000i,500n,10000p,200000b,80000s
</usr/share/texlive/texmf-dist/fonts/type1/public/amsfonts/cm/cmbx12.pfb></us
r/share/texlive/texmf-dist/fonts/type1/public/amsfonts/cm/cmitt10.pfb></usr/sha
re/texlive/texmf-dist/fonts/type1/public/amsfonts/cm/cmr10.pfb></usr/share/texl
ive/texmf-dist/fonts/type1/public/amsfonts/cm/cmsy10.pfb></usr/share/texlive/te
xmf-dist/fonts/type1/public/amsfonts/cm/cmtt10.pfb>
Output written on update-team.pdf (9 pages, 202770 bytes).
PDF statistics:
 110 PDF objects out of 1000 (max. 8388607)
 77 compressed objects within 1 object stream
 0 named destinations out of 1000 (max. 500000)
 41 words of extra memory for PDF output out of 10000 (max. 10000000)

